[2026-01-01 17:53:32.350] [Info] [Logging] Logging initialized
[2026-01-01 17:53:32.359] [Debug] [Logging] Log Level: Debug, Log to File: True, Log to Console: False

================================================================================
=== Automated Server Setup Tool - 2026-01-01 17:53:32
================================================================================

[2026-01-01 17:53:32.386] [Info] [GUI] Application started
[2026-01-01 17:53:32.397] [Info] [GUI] Log file: C:\Users\dania\OneDrive - Erasmushogeschool Brussel\Documents\Codes\Powershell\automated-server-setup-tool\modules\..\logs\automated-setup_2026-01-01.log
[2026-01-01 17:54:38.285] [Info] [Logging] Logging initialized
[2026-01-01 17:54:38.299] [Debug] [Logging] Log Level: Debug, Log to File: True, Log to Console: False

================================================================================
=== Automated Server Setup Tool - 2026-01-01 17:54:38
================================================================================

[2026-01-01 17:54:38.324] [Info] [GUI] Application started
[2026-01-01 17:54:38.336] [Info] [GUI] Log file: C:\Users\dania\OneDrive - Erasmushogeschool Brussel\Documents\Codes\Powershell\automated-server-setup-tool\modules\..\logs\automated-setup_2026-01-01.log
[2026-01-01 17:54:46.695] [Info] [Logging] Logging initialized
[2026-01-01 17:54:46.705] [Debug] [Logging] Log Level: Debug, Log to File: True, Log to Console: False

================================================================================
=== Automated Server Setup Tool - 2026-01-01 17:54:46
================================================================================

[2026-01-01 17:54:46.725] [Info] [GUI] Application started
[2026-01-01 17:54:46.737] [Info] [GUI] Log file: C:\Users\dania\OneDrive - Erasmushogeschool Brussel\Documents\Codes\Powershell\automated-server-setup-tool\modules\..\logs\automated-setup_2026-01-01.log
